time="2019-08-05T18:56:50+08:00" level=info msg="Hello,I am stock sniper!Biu Biu Biu ~"
time="2019-08-05T18:57:11+08:00" level=info msg="Hello,I am stock sniper!Biu Biu Biu ~"
time="2019-08-05T18:58:01+08:00" level=info msg="|500 |   7.638042ms |            ::1 |GET |/v1/kline |"
time="2019-08-05T18:59:52+08:00" level=info msg="Hello,I am stock sniper!Biu Biu Biu ~"
time="2019-08-05T19:00:39+08:00" level=info msg="Hello,I am stock sniper!Biu Biu Biu ~"
time="2019-08-05T19:03:22+08:00" level=info msg="Hello,I am stock sniper!Biu Biu Biu ~"
time="2019-08-05T19:03:47+08:00" level=info msg="|500 |   8.238037ms |            ::1 |GET |/v1/kline |"
time="2019-08-05T19:05:05+08:00" level=info msg="Hello,I am stock sniper!Biu Biu Biu ~"
time="2019-08-05T19:08:36+08:00" level=info msg="Hello,I am stock sniper!Biu Biu Biu ~"
time="2019-08-05T19:09:13+08:00" level=info msg="Hello,I am stock sniper!Biu Biu Biu ~"
time="2019-08-05T19:09:37+08:00" level=info msg="Hello,I am stock sniper!Biu Biu Biu ~"
time="2019-08-05T19:11:08+08:00" level=info msg="Hello,I am stock sniper!Biu Biu Biu ~"
time="2019-08-05T19:12:52+08:00" level=info msg="Hello,I am stock sniper!Biu Biu Biu ~"
time="2019-08-05T19:13:59+08:00" level=info msg="Hello,I am stock sniper!Biu Biu Biu ~"
time="2019-08-05T19:14:49+08:00" level=info msg="Hello,I am stock sniper!Biu Biu Biu ~"
time="2019-08-05T19:15:03+08:00" level=info msg="|200 |11.903249713s |            ::1 |GET |/v1/kline |"
time="2019-08-05T19:15:12+08:00" level=info msg="|200 |     90.948µs |            ::1 |GET |/v1/kline |"
time="2019-08-05T19:15:44+08:00" level=info msg="Hello,I am stock sniper!Biu Biu Biu ~"
time="2019-08-05T19:15:45+08:00" level=info msg="|200 |    266.169µs |            ::1 |GET |/v1/kline |"
time="2019-08-05T19:16:51+08:00" level=info msg="|200 |55.167437738s |            ::1 |GET |/v1/kline |"
time="2019-08-05T19:19:33+08:00" level=info msg="|200 |2m38.424882468s |            ::1 |GET |/v1/kline |"
time="2019-08-05T19:20:25+08:00" level=info msg="Hello,I am stock sniper!Biu Biu Biu ~"
time="2019-08-05T19:20:26+08:00" level=info msg="|200 |     159.72µs |            ::1 |GET |/v1/kline |"
time="2019-08-05T19:20:36+08:00" level=info msg="Hello,I am stock sniper!Biu Biu Biu ~"
time="2019-08-05T19:21:39+08:00" level=info msg="|200 | 47.90187891s |            ::1 |GET |/v1/kline |"
time="2019-08-05T19:22:25+08:00" level=info msg="|200 |31.524218862s |            ::1 |GET |/v1/kline |"
time="2019-08-05T19:22:55+08:00" level=info msg="|200 | 16.67765709s |            ::1 |GET |/v1/kline |"
time="2019-08-05T19:23:58+08:00" level=info msg="|200 |50.828654294s |            ::1 |GET |/v1/kline |"
time="2019-08-05T19:28:22+08:00" level=info msg="Hello,I am stock sniper!Biu Biu Biu ~"
time="2019-08-05T19:28:33+08:00" level=info msg="|500 | 4.294953281s |            ::1 |GET |/v1/kline |"
time="2019-08-05T19:29:32+08:00" level=info msg="|500 |45.518522305s |            ::1 |GET |/v1/kline |"
time="2019-08-05T19:29:52+08:00" level=info msg="Hello,I am stock sniper!Biu Biu Biu ~"
time="2019-08-05T19:29:55+08:00" level=info msg="|500 | 330.767243ms |            ::1 |GET |/v1/kline |"
time="2019-08-05T19:30:16+08:00" level=info msg="Hello,I am stock sniper!Biu Biu Biu ~"
time="2019-08-05T19:30:18+08:00" level=info msg="|500 | 149.220122ms |            ::1 |GET |/v1/kline |"
time="2019-08-05T20:06:53+08:00" level=info msg="Hello,I am stock sniper!Biu Biu Biu ~"
time="2019-08-05T20:06:58+08:00" level=info msg="|500 |   4.737444ms |            ::1 |GET |/v1/kline |"
time="2019-08-05T20:07:31+08:00" level=info msg="Hello,I am stock sniper!Biu Biu Biu ~"
time="2019-08-05T20:08:50+08:00" level=info msg="Hello,I am stock sniper!Biu Biu Biu ~"
time="2019-08-05T20:08:53+08:00" level=info msg="&{0xc0001b6100 <nil> <nil>}"
time="2019-08-05T20:08:53+08:00" level=info msg="|200 | 196.321205ms |            ::1 |GET |/v1/kline |"
time="2019-08-05T20:10:07+08:00" level=info msg="Hello,I am stock sniper!Biu Biu Biu ~"
time="2019-08-05T20:10:08+08:00" level=info msg="|200 |  94.067032ms |            ::1 |GET |/v1/kline |"
time="2019-08-05T20:10:25+08:00" level=info msg="Hello,I am stock sniper!Biu Biu Biu ~"
time="2019-08-05T20:13:33+08:00" level=info msg="Hello,I am stock sniper!Biu Biu Biu ~"
time="2019-08-05T20:13:36+08:00" level=info msg="|200 | 178.964555ms |            ::1 |GET |/v1/kline |"
time="2019-08-05T20:14:15+08:00" level=info msg="Hello,I am stock sniper!Biu Biu Biu ~"
time="2019-08-05T20:14:17+08:00" level=info msg="|200 | 169.417697ms |            ::1 |GET |/v1/kline |"
time="2019-08-05T20:39:21+08:00" level=info msg="Hello,I am stock sniper!Biu Biu Biu ~"
time="2019-08-05T20:44:30+08:00" level=info msg="Hello,I am stock sniper!Biu Biu Biu ~"
time="2019-08-05T20:44:35+08:00" level=info msg="|200 | 134.803386ms |            ::1 |GET |/v1/kline |"
time="2019-08-05T20:45:47+08:00" level=info msg="Hello,I am stock sniper!Biu Biu Biu ~"
time="2019-08-05T20:45:56+08:00" level=info msg="|200 | 137.497847ms |            ::1 |GET |/v1/kline |"
time="2019-08-05T21:50:55+08:00" level=info msg="Hello,I am stock sniper!Biu Biu Biu ~"
time="2019-08-05T21:51:12+08:00" level=info msg="|500 |    4.25952ms |            ::1 |GET |/v1/kline |"
time="2019-08-05T21:53:27+08:00" level=info msg="Hello,I am stock sniper!Biu Biu Biu ~"
time="2019-08-05T21:53:34+08:00" level=info msg="|200 | 517.711776ms |            ::1 |GET |/v1/kline |"
time="2019-08-05T21:59:01+08:00" level=info msg="Hello,I am stock sniper!Biu Biu Biu ~"
time="2019-08-05T21:59:04+08:00" level=info msg="|200 | 199.145365ms |            ::1 |GET |/v1/kline |"
time="2019-08-05T22:13:13+08:00" level=info msg="Hello,I am stock sniper!Biu Biu Biu ~"
time="2019-08-05T22:13:16+08:00" level=info msg="|200 | 416.984841ms |            ::1 |GET |/v1/kline |"
time="2019-08-05T22:13:43+08:00" level=info msg="Hello,I am stock sniper!Biu Biu Biu ~"
time="2019-08-05T22:14:31+08:00" level=info msg="Hello,I am stock sniper!Biu Biu Biu ~"
time="2019-08-05T22:14:36+08:00" level=info msg="Hello,I am stock sniper!Biu Biu Biu ~"
time="2019-08-05T22:15:08+08:00" level=info msg="|200 |28.896662082s |            ::1 |GET |/v1/kline |"
time="2019-08-05T22:15:11+08:00" level=info msg="|200 |  173.57973ms |            ::1 |GET |/v1/kline |"
time="2019-08-05T22:16:06+08:00" level=info msg="Hello,I am stock sniper!Biu Biu Biu ~"
time="2019-08-05T22:16:19+08:00" level=info msg="|200 | 8.281595318s |            ::1 |GET |/v1/kline |"
time="2019-08-05T22:17:48+08:00" level=info msg="Hello,I am stock sniper!Biu Biu Biu ~"
time="2019-08-05T22:17:52+08:00" level=info msg="|200 | 217.733029ms |            ::1 |GET |/v1/kline |"
time="2019-08-05T22:20:03+08:00" level=info msg="Hello,I am stock sniper!Biu Biu Biu ~"
time="2019-08-05T22:20:06+08:00" level=info msg="|200 | 452.471413ms |            ::1 |GET |/v1/kline |"
time="2019-08-05T22:25:47+08:00" level=info msg="Hello,I am stock sniper!Biu Biu Biu ~"
time="2019-08-05T22:25:52+08:00" level=info msg="|200 | 181.604403ms |            ::1 |GET |/v1/kline |"
time="2019-08-05T22:26:33+08:00" level=info msg="Hello,I am stock sniper!Biu Biu Biu ~"
time="2019-08-05T22:26:53+08:00" level=info msg="|200 | 172.279019ms |            ::1 |GET |/v1/kline |"
time="2019-08-05T22:28:00+08:00" level=info msg="Hello,I am stock sniper!Biu Biu Biu ~"
time="2019-08-05T22:28:04+08:00" level=info msg="|200 |  339.91521ms |            ::1 |GET |/v1/kline |"
time="2019-08-05T22:34:31+08:00" level=info msg="Hello,I am stock sniper!Biu Biu Biu ~"
time="2019-08-05T22:34:37+08:00" level=info msg="|200 | 250.221924ms |            ::1 |GET |/v1/kline |"
time="2019-08-05T22:34:56+08:00" level=info msg="Hello,I am stock sniper!Biu Biu Biu ~"
time="2019-08-05T22:37:40+08:00" level=info msg="Hello,I am stock sniper!Biu Biu Biu ~"
time="2019-08-05T22:38:32+08:00" level=info msg="Hello,I am stock sniper!Biu Biu Biu ~"
time="2019-08-05T22:39:52+08:00" level=info msg="Hello,I am stock sniper!Biu Biu Biu ~"
time="2019-08-05T22:40:31+08:00" level=info msg="|200 |32.917622892s |            ::1 |GET |/v1/kline |"
time="2019-08-05T22:44:20+08:00" level=info msg="Hello,I am stock sniper!Biu Biu Biu ~"
time="2019-08-05T22:44:24+08:00" level=info msg="|500 |   4.750174ms |            ::1 |GET |/v1/kline |"
time="2019-08-05T22:44:38+08:00" level=info msg="|200 | 202.447119ms |            ::1 |GET |/v1/kline |"
time="2019-08-05T22:53:50+08:00" level=info msg="Hello,I am stock sniper!Biu Biu Biu ~"
time="2019-08-05T22:54:00+08:00" level=info msg="|200 | 189.829281ms |            ::1 |GET |/v1/kline |"
time="2019-08-05T22:54:17+08:00" level=info msg="|200 | 141.567018ms |            ::1 |GET |/v1/kline |"
time="2019-08-05T22:54:23+08:00" level=info msg="|200 |  46.144888ms |            ::1 |GET |/v1/kline |"
time="2019-08-05T22:54:29+08:00" level=info msg="|200 | 150.838883ms |            ::1 |GET |/v1/kline |"
time="2019-08-05T22:54:31+08:00" level=info msg="|200 | 150.385311ms |            ::1 |GET |/v1/kline |"
